loaded full grex (anterior-cingulate)
loaded full grex (dlpfc)
loaded full grex (amygdala)
loaded full grex (hippocampus)
loaded full grex (caudate)
loaded full grex (putamen)
loaded full grex (nucleus-accumbens)
loaded full grex (cerebellar-hemisphere)
772 35
772 60
772 40
772 70
772 95
772 30
772 65
772 15
772 50
772 25
772 55
772 90
772 5
772 80
772 85
772 20772
 45
772 75
772 10
772 0
772 61
772 71
772 96
772 41
772 36
772 31
772 16
772 66
772 26
772 51
772 56
772 91
772 6
772 81
772 86
772 46
772 11
772 1
772 76
772 21
772 62
772 42
772 72
772 97
772 32
772 37
772 67
772 27
772 17
772 57
772 52
772 92
772 7
772 87
772 82
772 12
772 47
772 2
772 22
772 77
772 63
772 73
772 43
772 98
772 38
772 33
772 58
772 18
772 68
772 28
772 53
772 93
772 88
772 13
772 8
772 83
772 48
772 23
772 3
772 78
772 64
772 44
772 99
772 39
772 34
772 74
772 59
772 94
772 9
772 69
772 89
772 14
772 29
772 84
772 54
